<?xml version="1.0" encoding="UTF-8"?>
<robot generator="Robot 7.0 (Python 3.12.2 on win32)" generated="2024-03-02T23:08:03.286827" rpa="false" schemaversion="5">
<suite id="s1" name="isPrime" source="C:\kmitl\sdpx\sdpp-RobotTest\isPrime.robot">
<test id="s1-t1" name="True When X is 17" line="12">
<kw name="Is Prime">
<kw name="GET" owner="RequestsLibrary">
<msg time="2024-03-02T23:08:05.595498" level="INFO">GET Request : url=http://localhost:5000/is_prime/17 
 path_url=/is_prime/17 
 headers={'User-Agent': 'python-requests/2.31.0', 'Accept-Encoding': 'gzip, deflate', 'Accept': '*/*', 'Connection': 'keep-alive'} 
 body=None 
 </msg>
<msg time="2024-03-02T23:08:05.595498" level="INFO">GET Response : url=http://localhost:5000/is_prime/17 
 status=200, reason=OK 
 headers={'Server': 'Werkzeug/3.0.1 Python/3.12.2', 'Date': 'Sat, 02 Mar 2024 16:08:05 GMT', 'Content-Type': 'application/json', 'Content-Length': '5', 'Connection': 'close'} 
 body=true
 
 </msg>
<msg time="2024-03-02T23:08:05.596447" level="INFO">${response} = &lt;Response [200]&gt;</msg>
<var>${response}</var>
<arg>http://localhost:5000/is_prime/${num}</arg>
<arg>expected_status=any</arg>
<doc>Sends a GET request.</doc>
<status status="PASS" start="2024-03-02T23:08:03.545827" elapsed="2.050620"/>
</kw>
<return>
<value>${response}</value>
<status status="PASS" start="2024-03-02T23:08:05.597443" elapsed="0.000000"/>
</return>
<msg time="2024-03-02T23:08:05.598443" level="INFO">${response} = &lt;Response [200]&gt;</msg>
<var>${response}</var>
<arg>17</arg>
<status status="PASS" start="2024-03-02T23:08:03.544827" elapsed="2.053616"/>
</kw>
<kw name="Status Should Be" owner="RequestsLibrary">
<arg>200</arg>
<doc>Fails if response status code is different than the expected.</doc>
<status status="PASS" start="2024-03-02T23:08:05.599437" elapsed="0.000000"/>
</kw>
<kw name="Set Variable" owner="BuiltIn">
<msg time="2024-03-02T23:08:05.600349" level="INFO">${result} = True</msg>
<var>${result}</var>
<arg>${response.json()}</arg>
<doc>Returns the given values which can then be assigned to a variables.</doc>
<status status="PASS" start="2024-03-02T23:08:05.600349" elapsed="0.000000"/>
</kw>
<kw name="Should Be True" owner="BuiltIn">
<arg>${result}</arg>
<doc>Fails if the given condition is not true.</doc>
<status status="PASS" start="2024-03-02T23:08:05.601393" elapsed="0.000000"/>
</kw>
<status status="PASS" start="2024-03-02T23:08:03.543827" elapsed="2.057566"/>
</test>
<test id="s1-t2" name="False When X is 36" line="18">
<kw name="Is Prime">
<kw name="GET" owner="RequestsLibrary">
<msg time="2024-03-02T23:08:07.655306" level="INFO">GET Request : url=http://localhost:5000/is_prime/36 
 path_url=/is_prime/36 
 headers={'User-Agent': 'python-requests/2.31.0', 'Accept-Encoding': 'gzip, deflate', 'Accept': '*/*', 'Connection': 'keep-alive'} 
 body=None 
 </msg>
<msg time="2024-03-02T23:08:07.655306" level="INFO">GET Response : url=http://localhost:5000/is_prime/36 
 status=200, reason=OK 
 headers={'Server': 'Werkzeug/3.0.1 Python/3.12.2', 'Date': 'Sat, 02 Mar 2024 16:08:07 GMT', 'Content-Type': 'application/json', 'Content-Length': '6', 'Connection': 'close'} 
 body=false
 
 </msg>
<msg time="2024-03-02T23:08:07.656303" level="INFO">${response} = &lt;Response [200]&gt;</msg>
<var>${response}</var>
<arg>http://localhost:5000/is_prime/${num}</arg>
<arg>expected_status=any</arg>
<doc>Sends a GET request.</doc>
<status status="PASS" start="2024-03-02T23:08:05.603397" elapsed="2.052906"/>
</kw>
<return>
<value>${response}</value>
<status status="PASS" start="2024-03-02T23:08:07.656303" elapsed="0.000000"/>
</return>
<msg time="2024-03-02T23:08:07.656303" level="INFO">${response} = &lt;Response [200]&gt;</msg>
<var>${response}</var>
<arg>36</arg>
<status status="PASS" start="2024-03-02T23:08:05.603397" elapsed="2.052906"/>
</kw>
<kw name="Status Should Be" owner="RequestsLibrary">
<arg>200</arg>
<doc>Fails if response status code is different than the expected.</doc>
<status status="PASS" start="2024-03-02T23:08:07.656303" elapsed="0.000000"/>
</kw>
<kw name="Set Variable" owner="BuiltIn">
<msg time="2024-03-02T23:08:07.657300" level="INFO">${result} = False</msg>
<var>${result}</var>
<arg>${response.json()}</arg>
<doc>Returns the given values which can then be assigned to a variables.</doc>
<status status="PASS" start="2024-03-02T23:08:07.657300" elapsed="0.000000"/>
</kw>
<kw name="Run Keyword If" owner="BuiltIn">
<arg>${result}</arg>
<arg>${FALSE}</arg>
<doc>Runs the given keyword with the given arguments, if ``condition`` is true.</doc>
<status status="PASS" start="2024-03-02T23:08:07.658312" elapsed="0.000000"/>
</kw>
<status status="PASS" start="2024-03-02T23:08:05.602398" elapsed="2.056903"/>
</test>
<test id="s1-t3" name="True When X is 13219" line="24">
<kw name="Is Prime">
<kw name="GET" owner="RequestsLibrary">
<msg time="2024-03-02T23:08:09.680534" level="INFO">GET Request : url=http://localhost:5000/is_prime/13219 
 path_url=/is_prime/13219 
 headers={'User-Agent': 'python-requests/2.31.0', 'Accept-Encoding': 'gzip, deflate', 'Accept': '*/*', 'Connection': 'keep-alive'} 
 body=None 
 </msg>
<msg time="2024-03-02T23:08:09.680534" level="INFO">GET Response : url=http://localhost:5000/is_prime/13219 
 status=200, reason=OK 
 headers={'Server': 'Werkzeug/3.0.1 Python/3.12.2', 'Date': 'Sat, 02 Mar 2024 16:08:09 GMT', 'Content-Type': 'application/json', 'Content-Length': '5', 'Connection': 'close'} 
 body=true
 
 </msg>
<msg time="2024-03-02T23:08:09.680534" level="INFO">${response} = &lt;Response [200]&gt;</msg>
<var>${response}</var>
<arg>http://localhost:5000/is_prime/${num}</arg>
<arg>expected_status=any</arg>
<doc>Sends a GET request.</doc>
<status status="PASS" start="2024-03-02T23:08:07.660299" elapsed="2.020235"/>
</kw>
<return>
<value>${response}</value>
<status status="PASS" start="2024-03-02T23:08:09.680534" elapsed="0.000000"/>
</return>
<msg time="2024-03-02T23:08:09.680534" level="INFO">${response} = &lt;Response [200]&gt;</msg>
<var>${response}</var>
<arg>13219</arg>
<status status="PASS" start="2024-03-02T23:08:07.660299" elapsed="2.020235"/>
</kw>
<kw name="Status Should Be" owner="RequestsLibrary">
<arg>200</arg>
<doc>Fails if response status code is different than the expected.</doc>
<status status="PASS" start="2024-03-02T23:08:09.681536" elapsed="0.000000"/>
</kw>
<kw name="Set Variable" owner="BuiltIn">
<msg time="2024-03-02T23:08:09.682535" level="INFO">${result} = True</msg>
<var>${result}</var>
<arg>${response.json()}</arg>
<doc>Returns the given values which can then be assigned to a variables.</doc>
<status status="PASS" start="2024-03-02T23:08:09.681536" elapsed="0.000999"/>
</kw>
<kw name="Should Be True" owner="BuiltIn">
<arg>${result}</arg>
<doc>Fails if the given condition is not true.</doc>
<status status="PASS" start="2024-03-02T23:08:09.682535" elapsed="0.001005"/>
</kw>
<status status="PASS" start="2024-03-02T23:08:07.660299" elapsed="2.023241"/>
</test>
<status status="PASS" start="2024-03-02T23:08:03.288827" elapsed="6.397706"/>
</suite>
<statistics>
<total>
<stat pass="3" fail="0" skip="0">All Tests</stat>
</total>
<tag>
</tag>
<suite>
<stat pass="3" fail="0" skip="0" id="s1" name="isPrime">isPrime</stat>
</suite>
</statistics>
<errors>
</errors>
</robot>
